<?xml version="1.0" encoding="UTF-8"?>
<!-- Generated by org.testng.reporters.JUnitReportReporter -->
<testsuite hostname="DESKTOP-1J94JC8" failures="0" tests="1" name="qa.com.recon.testing.RulesheetTest" time="38.473" errors="0" timestamp="2022-07-21T17:19:46 IST" skipped="0">
  <testcase classname="qa.com.recon.testing.RulesheetTest" name="StartEditPage" time="38.473"/>
  <system-out/>
</testsuite> <!-- qa.com.recon.testing.RulesheetTest -->
