<?xml version="1.0" encoding="UTF-8"?>
<!-- Generated by org.testng.reporters.JUnitReportReporter -->
<testsuite hostname="DESKTOP-5M0UK2H" failures="0" tests="1" name="qa.com.recon.testing.GBRingestionTest" time="31.867" errors="0" timestamp="2022-06-29T18:20:06 IST" skipped="0">
  <testcase classname="qa.com.recon.testing.GBRingestionTest" name="tc383" time="31.867"/>
  <system-out/>
</testsuite> <!-- qa.com.recon.testing.GBRingestionTest -->
