<?xml version="1.0" encoding="UTF-8"?>
<!-- Generated by org.testng.reporters.JUnitReportReporter -->
<testsuite hostname="QA" failures="0" tests="1" name="qa.com.recon.testing.RulesheetTest" time="77.777" errors="0" timestamp="2022-07-12T17:34:46 IST" skipped="0">
  <testcase classname="qa.com.recon.testing.RulesheetTest" name="CAR" time="77.777"/>
  <system-out/>
</testsuite> <!-- qa.com.recon.testing.RulesheetTest -->
