<?xml version="1.0" encoding="UTF-8"?>
<!-- Generated by org.testng.reporters.JUnitReportReporter -->
<testsuite skipped="0" hostname="DESKTOP-5M0UK2H" name="qa.com.recon.testing.RulesheetTest" tests="1" failures="0" timestamp="2022-08-10T18:12:46 IST" time="21.777" errors="0">
  <testcase name="CAR" time="21.777" classname="qa.com.recon.testing.RulesheetTest"/>
  <system-out/>
</testsuite> <!-- qa.com.recon.testing.RulesheetTest -->
