<?xml version="1.0" encoding="UTF-8"?>
<!-- Generated by org.testng.reporters.JUnitReportReporter -->
<testsuite skipped="0" hostname="DESKTOP-5M0UK2H" name="qa.com.recon.testing.ViewrulesheetTest" tests="1" failures="0" timestamp="2022-08-09T16:53:43 IST" time="63.587" errors="0">
  <testcase name="TC_delete" time="63.587" classname="qa.com.recon.testing.ViewrulesheetTest"/>
  <system-out/>
</testsuite> <!-- qa.com.recon.testing.ViewrulesheetTest -->
