<?xml version="1.0" encoding="UTF-8"?>
<!-- Generated by org.testng.reporters.JUnitReportReporter -->
<testsuite skipped="0" hostname="DESKTOP-5M0UK2H" name="qa.com.recon.testing.GBRingestionTest" tests="1" failures="0" timestamp="2022-08-04T10:41:17 IST" time="50.229" errors="0">
  <testcase name="TC_406res3gbr_GI" time="50.229" classname="qa.com.recon.testing.GBRingestionTest"/>
  <system-out/>
</testsuite> <!-- qa.com.recon.testing.GBRingestionTest -->
